#
# A fatal error has been detected by the Java Runtime Environment:
#
#  Internal Error (javaClasses.cpp:136), pid=5033, tid=140224591771392
#  fatal error: Invalid layout of preloaded class
#
# JRE version:  (7.0_55-b14) (build )
# Java VM: OpenJDK 64-Bit Server VM (24.51-b03 mixed mode linux-amd64 compressed oops)
# Failed to write core dump. Core dumps have been disabled. To enable core dumping, try "ulimit -c unlimited" before starting Java again
#
# If you would like to submit a bug report, please include
# instructions on how to reproduce the bug and visit:
#   http://icedtea.classpath.org/bugzilla
#

---------------  T H R E A D  ---------------

Current thread (0x00007f888c00a000):  JavaThread "Unknown thread" [_thread_in_vm, id=5039, stack(0x00007f8894eb3000,0x00007f8894fb4000)]

Stack: [0x00007f8894eb3000,0x00007f8894fb4000],  sp=0x00007f8894fb2910,  free space=1022k
Native frames: (J=compiled Java code, j=interpreted, Vv=VM code, C=native code)
V  [libjvm.so+0x917b35]  VMError::report_and_die()+0x175
V  [libjvm.so+0x4680b4]  report_fatal(char const*, int, char const*)+0x54
V  [libjvm.so+0x5c0e8a]  compute_offset(int&, klassOopDesc*, Symbol*, Symbol*, bool) [clone .constprop.121]+0x10a
V  [libjvm.so+0x5c1496]  java_lang_String::compute_offsets()+0x36
V  [libjvm.so+0x89e74c]  SystemDictionary::initialize_preloaded_classes(Thread*)+0xcc
V  [libjvm.so+0x8e9698]  Universe::genesis(Thread*)+0x468
V  [libjvm.so+0x8e9ca4]  universe2_init()+0x24
V  [libjvm.so+0x575b8a]  init_globals()+0x9a
V  [libjvm.so+0x8ccfaf]  Threads::create_vm(JavaVMInitArgs*, bool*)+0x35f
V  [libjvm.so+0x5df3d4]  JNI_CreateJavaVM+0x54
C  [libjli.so+0x2b18]  __strcat_chk+0x2b18


---------------  P R O C E S S  ---------------

Java Threads: ( => current thread )

Other Threads:

=>0x00007f888c00a000 (exited) JavaThread "Unknown thread" [_thread_in_vm, id=5039, stack(0x00007f8894eb3000,0x00007f8894fb4000)]

VM state:not at safepoint (not fully initialized)

VM Mutex/Monitor currently owned by a thread: None

GC Heap History (0 events):
No events

Deoptimization events (0 events):
No events

Internal exceptions (0 events):
No events

Events (10 events):
Event: 0.563 loading class 0x00007f889129a6f0 done
Event: 0.563 loading class 0x00007f889129a110 done
Event: 0.563 loading class 0x00007f889129a0f0
Event: 0.583 loading class 0x00007f88912a2130
Event: 0.583 loading class 0x00007f88912a2130 done
Event: 0.583 loading class 0x00007f88912a2160
Event: 0.583 loading class 0x00007f88912a2160 done
Event: 0.583 loading class 0x00007f88912a2190
Event: 0.583 loading class 0x00007f88912a2190 done
Event: 0.610 loading class 0x00007f889129a0f0 done


Dynamic libraries:
00400000-00401000 r-xp 00000000 08:06 3413651                            /usr/lib/jvm/java-7-openjdk-amd64/jre/bin/java
00600000-00601000 r--p 00000000 08:06 3413651                            /usr/lib/jvm/java-7-openjdk-amd64/jre/bin/java
00601000-00602000 rw-p 00001000 08:06 3413651                            /usr/lib/jvm/java-7-openjdk-amd64/jre/bin/java
00765000-00786000 rw-p 00000000 00:00 0                                  [heap]
b8800000-b9d00000 rw-p 00000000 00:00 0 
b9d00000-c2e00000 rw-p 00000000 00:00 0 
c2e00000-c5680000 rw-p 00000000 00:00 0 
c5680000-eba00000 rw-p 00000000 00:00 0 
eba00000-ece80000 rw-p 00000000 00:00 0 
ece80000-100000000 rw-p 00000000 00:00 0 
7f887c000000-7f887c021000 rw-p 00000000 00:00 0 
7f887c021000-7f8880000000 ---p 00000000 00:00 0 
7f8881c40000-7f8884000000 rw-p 00000000 00:00 0 
7f8884000000-7f8884021000 rw-p 00000000 00:00 0 
7f8884021000-7f8888000000 ---p 00000000 00:00 0 
7f8889000000-7f8889270000 rwxp 00000000 00:00 0 
7f8889270000-7f888c052000 rw-p 00000000 00:00 0 
7f888c052000-7f8890000000 ---p 00000000 00:00 0 
7f8890eff000-7f889115a000 rw-p 00000000 00:00 0 
7f889115a000-7f8891224000 r--s 011ad000 08:06 8271846                    /home/vaisakh/Desktop/Eclipse Luna/android-sdks/platforms/android-18/android.jar
7f8891224000-7f8891559000 rw-p 00000000 00:00 0 
7f8891559000-7f889155a000 ---p 00000000 00:00 0 
7f889155a000-7f889165a000 rw-p 00000000 00:00 0                          [stack:5041]
7f889165a000-7f889165b000 ---p 00000000 00:00 0 
7f889165b000-7f8891766000 rw-p 00000000 00:00 0                          [stack:5040]
7f8891766000-7f88917ae000 rw-p 00000000 00:00 0 
7f88917ae000-7f88917c3000 rw-p 00000000 00:00 0 
7f88917c3000-7f88918f4000 rw-p 00000000 00:00 0 
7f88918f4000-7f88918ff000 rw-p 00000000 00:00 0 
7f88918ff000-7f8891947000 rw-p 00000000 00:00 0 
7f8891947000-7f889195c000 rw-p 00000000 00:00 0 
7f889195c000-7f8891a8d000 rw-p 00000000 00:00 0 
7f8891a8d000-7f8891a98000 rw-p 00000000 00:00 0 
7f8891a98000-7f8891b30000 rw-p 00000000 00:00 0 
7f8891b30000-7f8891b31000 rw-p 00000000 00:00 0 
7f8891b31000-7f8891b39000 r-xp 00000000 08:06 3413707                    /usr/lib/jvm/java-7-openjdk-amd64/jre/lib/amd64/libzip.so
7f8891b39000-7f8891d38000 ---p 00008000 08:06 3413707                    /usr/lib/jvm/java-7-openjdk-amd64/jre/lib/amd64/libzip.so
7f8891d38000-7f8891d39000 r--p 00007000 08:06 3413707                    /usr/lib/jvm/java-7-openjdk-amd64/jre/lib/amd64/libzip.so
7f8891d39000-7f8891d3a000 rw-p 00008000 08:06 3413707                    /usr/lib/jvm/java-7-openjdk-amd64/jre/lib/amd64/libzip.so
7f8891d3a000-7f8891d45000 r-xp 00000000 08:06 2883687                    /lib/x86_64-linux-gnu/libnss_files-2.19.so
7f8891d45000-7f8891f44000 ---p 0000b000 08:06 2883687                    /lib/x86_64-linux-gnu/libnss_files-2.19.so
7f8891f44000-7f8891f45000 r--p 0000a000 08:06 2883687                    /lib/x86_64-linux-gnu/libnss_files-2.19.so
7f8891f45000-7f8891f46000 rw-p 0000b000 08:06 2883687                    /lib/x86_64-linux-gnu/libnss_files-2.19.so
7f8891f46000-7f8891f51000 r-xp 00000000 08:06 2883613                    /lib/x86_64-linux-gnu/libnss_nis-2.19.so
7f8891f51000-7f8892150000 ---p 0000b000 08:06 2883613                    /lib/x86_64-linux-gnu/libnss_nis-2.19.so
7f8892150000-7f8892151000 r--p 0000a000 08:06 2883613                    /lib/x86_64-linux-gnu/libnss_nis-2.19.so
7f8892151000-7f8892152000 rw-p 0000b000 08:06 2883613                    /lib/x86_64-linux-gnu/libnss_nis-2.19.so
7f8892152000-7f8892169000 r-xp 00000000 08:06 2887476                    /lib/x86_64-linux-gnu/libnsl-2.19.so
7f8892169000-7f8892368000 ---p 00017000 08:06 2887476                    /lib/x86_64-linux-gnu/libnsl-2.19.so
7f8892368000-7f8892369000 r--p 00016000 08:06 2887476                    /lib/x86_64-linux-gnu/libnsl-2.19.so
7f8892369000-7f889236a000 rw-p 00017000 08:06 2887476                    /lib/x86_64-linux-gnu/libnsl-2.19.so
7f889236a000-7f889236c000 rw-p 00000000 00:00 0 
7f889236c000-7f8892375000 r-xp 00000000 08:06 2883682                    /lib/x86_64-linux-gnu/libnss_compat-2.19.so
7f8892375000-7f8892574000 ---p 00009000 08:06 2883682                    /lib/x86_64-linux-gnu/libnss_compat-2.19.so
7f8892574000-7f8892575000 r--p 00008000 08:06 2883682                    /lib/x86_64-linux-gnu/libnss_compat-2.19.so
7f8892575000-7f8892576000 rw-p 00009000 08:06 2883682                    /lib/x86_64-linux-gnu/libnss_compat-2.19.so
7f8892576000-7f88925a1000 r-xp 00000000 08:06 3413703                    /usr/lib/jvm/java-7-openjdk-amd64/jre/lib/amd64/libjava.so
7f88925a1000-7f88927a0000 ---p 0002b000 08:06 3413703                    /usr/lib/jvm/java-7-openjdk-amd64/jre/lib/amd64/libjava.so
7f88927a0000-7f88927a1000 r--p 0002a000 08:06 3413703                    /usr/lib/jvm/java-7-openjdk-amd64/jre/lib/amd64/libjava.so
7f88927a1000-7f88927a3000 rw-p 0002b000 08:06 3413703                    /usr/lib/jvm/java-7-openjdk-amd64/jre/lib/amd64/libjava.so
7f88927a3000-7f88927b3000 r-xp 00000000 08:06 3413736                    /usr/lib/jvm/java-7-openjdk-amd64/jre/lib/amd64/libverify.so
7f88927b3000-7f88929b2000 ---p 00010000 08:06 3413736                    /usr/lib/jvm/java-7-openjdk-amd64/jre/lib/amd64/libverify.so
7f88929b2000-7f88929b4000 r--p 0000f000 08:06 3413736                    /usr/lib/jvm/java-7-openjdk-amd64/jre/lib/amd64/libverify.so
7f88929b4000-7f88929b5000 rw-p 00011000 08:06 3413736                    /usr/lib/jvm/java-7-openjdk-amd64/jre/lib/amd64/libverify.so
7f88929b5000-7f88929bc000 r-xp 00000000 08:06 2883685                    /lib/x86_64-linux-gnu/librt-2.19.so
7f88929bc000-7f8892bbb000 ---p 00007000 08:06 2883685                    /lib/x86_64-linux-gnu/librt-2.19.so
7f8892bbb000-7f8892bbc000 r--p 00006000 08:06 2883685                    /lib/x86_64-linux-gnu/librt-2.19.so
7f8892bbc000-7f8892bbd000 rw-p 00007000 08:06 2883685                    /lib/x86_64-linux-gnu/librt-2.19.so
7f8892bbd000-7f8892bd3000 r-xp 00000000 08:06 2887573                    /lib/x86_64-linux-gnu/libgcc_s.so.1
7f8892bd3000-7f8892dd2000 ---p 00016000 08:06 2887573                    /lib/x86_64-linux-gnu/libgcc_s.so.1
7f8892dd2000-7f8892dd3000 rw-p 00015000 08:06 2887573                    /lib/x86_64-linux-gnu/libgcc_s.so.1
7f8892dd3000-7f8892ed8000 r-xp 00000000 08:06 2883686                    /lib/x86_64-linux-gnu/libm-2.19.so
7f8892ed8000-7f88930d7000 ---p 00105000 08:06 2883686                    /lib/x86_64-linux-gnu/libm-2.19.so
7f88930d7000-7f88930d8000 r--p 00104000 08:06 2883686                    /lib/x86_64-linux-gnu/libm-2.19.so
7f88930d8000-7f88930d9000 rw-p 00105000 08:06 2883686                    /lib/x86_64-linux-gnu/libm-2.19.so
7f88930d9000-7f88931bf000 r-xp 00000000 08:06 3154443                    /usr/lib/x86_64-linux-gnu/libstdc++.so.6.0.19
7f88931bf000-7f88933be000 ---p 000e6000 08:06 3154443                    /usr/lib/x86_64-linux-gnu/libstdc++.so.6.0.19
7f88933be000-7f88933c6000 r--p 000e5000 08:06 3154443                    /usr/lib/x86_64-linux-gnu/libstdc++.so.6.0.19
7f88933c6000-7f88933c8000 rw-p 000ed000 08:06 3154443                    /usr/lib/x86_64-linux-gnu/libstdc++.so.6.0.19
7f88933c8000-7f88933dd000 rw-p 00000000 00:00 0 
7f88933dd000-7f8893ebe000 r-xp 00000000 08:06 3413718                    /usr/lib/jvm/java-7-openjdk-amd64/jre/lib/amd64/server/libjvm.so
7f8893ebe000-7f88940bd000 ---p 00ae1000 08:06 3413718                    /usr/lib/jvm/java-7-openjdk-amd64/jre/lib/amd64/server/libjvm.so
7f88940bd000-7f889414f000 r--p 00ae0000 08:06 3413718                    /usr/lib/jvm/java-7-openjdk-amd64/jre/lib/amd64/server/libjvm.so
7f889414f000-7f8894172000 rw-p 00b72000 08:06 3413718                    /usr/lib/jvm/java-7-openjdk-amd64/jre/lib/amd64/server/libjvm.so
7f8894172000-7f889419f000 rw-p 00000000 00:00 0 
7f889419f000-7f88941b7000 r-xp 00000000 08:06 2887709                    /lib/x86_64-linux-gnu/libz.so.1.2.8
7f88941b7000-7f88943b6000 ---p 00018000 08:06 2887709                    /lib/x86_64-linux-gnu/libz.so.1.2.8
7f88943b6000-7f88943b7000 r--p 00017000 08:06 2887709                    /lib/x86_64-linux-gnu/libz.so.1.2.8
7f88943b7000-7f88943b8000 rw-p 00018000 08:06 2887709                    /lib/x86_64-linux-gnu/libz.so.1.2.8
7f88943b8000-7f88943d1000 r-xp 00000000 08:06 2887819                    /lib/x86_64-linux-gnu/libpthread-2.19.so
7f88943d1000-7f88945d0000 ---p 00019000 08:06 2887819                    /lib/x86_64-linux-gnu/libpthread-2.19.so
7f88945d0000-7f88945d1000 r--p 00018000 08:06 2887819                    /lib/x86_64-linux-gnu/libpthread-2.19.so
7f88945d1000-7f88945d2000 rw-p 00019000 08:06 2887819                    /lib/x86_64-linux-gnu/libpthread-2.19.so
7f88945d2000-7f88945d6000 rw-p 00000000 00:00 0 
7f88945d6000-7f88945d9000 r-xp 00000000 08:06 2883679                    /lib/x86_64-linux-gnu/libdl-2.19.so
7f88945d9000-7f88947d8000 ---p 00003000 08:06 2883679                    /lib/x86_64-linux-gnu/libdl-2.19.so
7f88947d8000-7f88947d9000 r--p 00002000 08:06 2883679                    /lib/x86_64-linux-gnu/libdl-2.19.so
7f88947d9000-7f88947da000 rw-p 00003000 08:06 2883679                    /lib/x86_64-linux-gnu/libdl-2.19.so
7f88947da000-7f8894996000 r-xp 00000000 08:06 2887516                    /lib/x86_64-linux-gnu/libc-2.19.so
7f8894996000-7f8894b95000 ---p 001bc000 08:06 2887516                    /lib/x86_64-linux-gnu/libc-2.19.so
7f8894b95000-7f8894b99000 r--p 001bb000 08:06 2887516                    /lib/x86_64-linux-gnu/libc-2.19.so
7f8894b99000-7f8894b9b000 rw-p 001bf000 08:06 2887516                    /lib/x86_64-linux-gnu/libc-2.19.so
7f8894b9b000-7f8894ba0000 rw-p 00000000 00:00 0 
7f8894ba0000-7f8894bad000 r-xp 00000000 08:06 3413729                    /usr/lib/jvm/java-7-openjdk-amd64/jre/lib/amd64/jli/libjli.so
7f8894bad000-7f8894dac000 ---p 0000d000 08:06 3413729                    /usr/lib/jvm/java-7-openjdk-amd64/jre/lib/amd64/jli/libjli.so
7f8894dac000-7f8894dad000 r--p 0000c000 08:06 3413729                    /usr/lib/jvm/java-7-openjdk-amd64/jre/lib/amd64/jli/libjli.so
7f8894dad000-7f8894dae000 rw-p 0000d000 08:06 3413729                    /usr/lib/jvm/java-7-openjdk-amd64/jre/lib/amd64/jli/libjli.so
7f8894dae000-7f8894dd1000 r-xp 00000000 08:06 2883678                    /lib/x86_64-linux-gnu/ld-2.19.so
7f8894ddc000-7f8894dfd000 rw-p 00000000 00:00 0 
7f8894dfd000-7f8894eb3000 rw-p 00000000 00:00 0 
7f8894eb3000-7f8894eb6000 ---p 00000000 00:00 0 
7f8894eb6000-7f8894fb9000 rw-p 00000000 00:00 0                          [stack:5039]
7f8894fc2000-7f8894fc4000 rw-p 00000000 00:00 0 
7f8894fc4000-7f8894fcc000 rw-s 00000000 08:06 10747989                   /tmp/hsperfdata_vaisakh/5033
7f8894fcc000-7f8894fcd000 rw-p 00000000 00:00 0 
7f8894fcd000-7f8894fce000 r--p 00000000 00:00 0 
7f8894fce000-7f8894fd0000 rw-p 00000000 00:00 0 
7f8894fd0000-7f8894fd1000 r--p 00022000 08:06 2883678                    /lib/x86_64-linux-gnu/ld-2.19.so
7f8894fd1000-7f8894fd2000 rw-p 00023000 08:06 2883678                    /lib/x86_64-linux-gnu/ld-2.19.so
7f8894fd2000-7f8894fd3000 rw-p 00000000 00:00 0 
7fff2c206000-7fff2c227000 rw-p 00000000 00:00 0                          [stack]
7fff2c253000-7fff2c255000 r-xp 00000000 00:00 0                          [vdso]
ffffffffff600000-ffffffffff601000 r-xp 00000000 00:00 0                  [vsyscall]

VM Arguments:
jvm_args: -Dfile.encoding=UTF-8 -Xbootclasspath:/home/vaisakh/Desktop/Eclipse Luna/android-sdks/platforms/android-18/android.jar 
java_command: com.google.maps.android.utils.demo.test
Launcher Type: SUN_STANDARD

Environment Variables:
PATH=/usr/local/sbin:/usr/local/bin:/usr/sbin:/usr/bin:/sbin:/bin:/usr/games:/usr/local/games
SHELL=/bin/bash
DISPLAY=:0.0

Signal Handlers:
SIGSEGV: [libjvm.so+0x918620], sa_mask[0]=0x7ffbfeff, sa_flags=0x10000004
SIGBUS: [libjvm.so+0x918620], sa_mask[0]=0x7ffbfeff, sa_flags=0x10000004
SIGFPE: [libjvm.so+0x795e30], sa_mask[0]=0x7ffbfeff, sa_flags=0x10000004
SIGPIPE: [libjvm.so+0x795e30], sa_mask[0]=0x7ffbfeff, sa_flags=0x10000004
SIGXFSZ: [libjvm.so+0x795e30], sa_mask[0]=0x7ffbfeff, sa_flags=0x10000004
SIGILL: [libjvm.so+0x795e30], sa_mask[0]=0x7ffbfeff, sa_flags=0x10000004
SIGUSR1: SIG_DFL, sa_mask[0]=0x00000000, sa_flags=0x00000000
SIGUSR2: [libjvm.so+0x795cd0], sa_mask[0]=0x00000004, sa_flags=0x10000004
SIGHUP: SIG_DFL, sa_mask[0]=0x00000000, sa_flags=0x00000000
SIGINT: SIG_DFL, sa_mask[0]=0x00000000, sa_flags=0x00000000
SIGTERM: SIG_DFL, sa_mask[0]=0x00000000, sa_flags=0x00000000
SIGQUIT: SIG_DFL, sa_mask[0]=0x00000000, sa_flags=0x00000000


---------------  S Y S T E M  ---------------

OS:Ubuntu 14.04 (trusty)
uname:Linux 3.13.0-24-generic #46-Ubuntu SMP Thu Apr 10 19:11:08 UTC 2014 x86_64
libc:glibc 2.19 NPTL 2.19 
rlimit: STACK 8192k, CORE 0k, NPROC 31113, NOFILE 4096, AS infinity
load average:1.15 1.07 0.95

/proc/meminfo:
MemTotal:        4004004 kB
MemFree:          971676 kB
Buffers:            3128 kB
Cached:           364592 kB
SwapCached:       188520 kB
Active:          1916200 kB
Inactive:         955940 kB
Active(anon):    1883220 kB
Inactive(anon):   894704 kB
Active(file):      32980 kB
Inactive(file):    61236 kB
Unevictable:          48 kB
Mlocked:              48 kB
SwapTotal:       7811068 kB
SwapFree:        6244464 kB
Dirty:               780 kB
Writeback:             0 kB
AnonPages:       2485036 kB
Mapped:            70404 kB
Shmem:            273296 kB
Slab:              57936 kB
SReclaimable:      28552 kB
SUnreclaim:        29384 kB
KernelStack:        4144 kB
PageTables:        46792 kB
NFS_Unstable:          0 kB
Bounce:                0 kB
WritebackTmp:          0 kB
CommitLimit:     9813068 kB
Committed_AS:    8678720 kB
VmallocTotal:   34359738367 kB
VmallocUsed:      417804 kB
VmallocChunk:   34359311332 kB
HardwareCorrupted:     0 kB
AnonHugePages:    180224 kB
HugePages_Total:       0
HugePages_Free:        0
HugePages_Rsvd:        0
HugePages_Surp:        0
Hugepagesize:       2048 kB
DirectMap4k:       56224 kB
DirectMap2M:     4093952 kB


CPU:total 2 (2 cores per cpu, 1 threads per core) family 6 model 23 stepping 10, cmov, cx8, fxsr, mmx, sse, sse2, sse3, ssse3, tsc

/proc/cpuinfo:
processor	: 0
vendor_id	: GenuineIntel
cpu family	: 6
model		: 23
model name	: Pentium(R) Dual-Core  CPU      E5700  @ 3.00GHz
stepping	: 10
microcode	: 0xa07
cpu MHz		: 3000.000
cache size	: 2048 KB
physical id	: 0
siblings	: 2
core id		: 0
cpu cores	: 2
apicid		: 0
initial apicid	: 0
fpu		: yes
fpu_exception	: yes
cpuid level	: 13
wp		: yes
flags		: fpu vme de pse tsc msr pae mce cx8 apic sep mtrr pge mca cmov pat pse36 clflush dts acpi mmx fxsr sse sse2 ss ht tm pbe syscall nx lm constant_tsc arch_perfmon pebs bts rep_good nopl aperfmperf pni dtes64 monitor ds_cpl vmx est tm2 ssse3 cx16 xtpr pdcm xsave lahf_lm dtherm tpr_shadow vnmi flexpriority
bogomips	: 5984.52
clflush size	: 64
cache_alignment	: 64
address sizes	: 36 bits physical, 48 bits virtual
power management:

processor	: 1
vendor_id	: GenuineIntel
cpu family	: 6
model		: 23
model name	: Pentium(R) Dual-Core  CPU      E5700  @ 3.00GHz
stepping	: 10
microcode	: 0xa07
cpu MHz		: 3000.000
cache size	: 2048 KB
physical id	: 0
siblings	: 2
core id		: 1
cpu cores	: 2
apicid		: 1
initial apicid	: 1
fpu		: yes
fpu_exception	: yes
cpuid level	: 13
wp		: yes
flags		: fpu vme de pse tsc msr pae mce cx8 apic sep mtrr pge mca cmov pat pse36 clflush dts acpi mmx fxsr sse sse2 ss ht tm pbe syscall nx lm constant_tsc arch_perfmon pebs bts rep_good nopl aperfmperf pni dtes64 monitor ds_cpl vmx est tm2 ssse3 cx16 xtpr pdcm xsave lahf_lm dtherm tpr_shadow vnmi flexpriority
bogomips	: 5984.52
clflush size	: 64
cache_alignment	: 64
address sizes	: 36 bits physical, 48 bits virtual
power management:



Memory: 4k page, physical 4004004k(971676k free), swap 7811068k(6244464k free)

vm_info: OpenJDK 64-Bit Server VM (24.51-b03) for linux-amd64 JRE (1.7.0_55-b14), built on Apr 17 2014 20:08:07 by "buildd" with gcc 4.8.2

time: Wed Aug 27 14:08:01 2014
elapsed time: 0 seconds

